### ISSUE TITLE
Creating a window (macos/objc) in pure odin does not work.

### ISSUE THREAD

**Issue by hasenj** [odin-lang/Odin#1825]
The following code should open an empty window:

```odin
package cocoa_test

import NS "vendor:darwin/Foundation"

@require foreign import "system:Cocoa.framework"

main :: proc() {
    NS.scoped_autoreleasepool()

    app := NS.Application.sharedApplication()
    app->setActivationPolicy(.Regular)

    window := NS.Window.alloc()->initWithContentRect(
        {100, 100, 500, 400},
        {.Titled, .Closable, .Resizable},
        .Buffered,
        false)
    window->makeKeyAndOrderFront(nil)

    app->activateIgnoringOtherApps(true)

    app->run()
}
```

but when the compiled program runs, no window gets opened.

Further more, the following warnings are printed to the terminal:

```text
NSWindow does not support nonactivating panel styleMask 0x80
NSWindow does not support utility styleMask 0x10
NSWindow does not support HUD styleMask 0x2000; use NSPanel instead.
```

It's based on the following objc code, which does open a window without any warnings printed to the terminal:

```objc
#import <Cocoa/Cocoa.h>

int main(int argc, const char * argv[]) {
     @autoreleasepool{
         [NSApplication sharedApplication];
         [NSApp setActivationPolicy:NSApplicationActivationPolicyRegular];
         id window = [[NSWindow alloc] initWithContentRect:NSMakeRect(100, 100, 500, 400)
             styleMask:NSWindowStyleMaskTitled|NSWindowStyleMaskClosable|NSWindowStyleMaskResizable
             backing:NSBackingStoreBuffered defer:NO];
         [window makeKeyAndOrderFront:nil];
         [NSApp activateIgnoringOtherApps:YES];
         [NSApp run];
     }
}
```

Here's an equivalent program in C. It also opens a window correctly and does not print any warnings to the terminal:

```c
#include <objc/runtime.h>
#include <objc/message.h>

#define cls objc_getClass
#define sel sel_getUid
#define msg ((id (*)(id, SEL, ...))objc_msgSend)
#define cls_msg ((id (*)(Class, SEL, ...))objc_msgSend)


// poor man's bindings!
typedef enum NSApplicationActivationPolicy {
    NSApplicationActivationPolicyRegular   = 0,
    NSApplicationActivationPolicyAccessory = 1,
    NSApplicationActivationPolicyERROR     = 2,
} NSApplicationActivationPolicy;

typedef enum NSWindowStyleMask {
    NSWindowStyleMaskBorderless     = 0,
    NSWindowStyleMaskTitled         = 1 << 0,
    NSWindowStyleMaskClosable       = 1 << 1,
    NSWindowStyleMaskMiniaturizable = 1 << 2,
    NSWindowStyleMaskResizable      = 1 << 3,
} NSWindowStyleMask;

typedef enum NSBackingStoreType {
    NSBackingStoreBuffered = 2,
} NSBackingStoreType;

typedef struct Rect {
    double x;
    double y;
    double w;
    double h;
} Rect;

int main(int argc, char *argv[])
{
    id app = cls_msg(cls("NSApplication"), sel("sharedApplication"));
    msg(app, sel("setActivationPolicy:"), NSApplicationActivationPolicyRegular);

    Rect frameRect = {
        100, 100,
        500, 400,
    };
    id window = msg(
        cls_msg(cls("NSWindow"), sel("alloc")),
        sel("initWithContentRect:styleMask:backing:defer:"),
        frameRect,
        NSWindowStyleMaskTitled|NSWindowStyleMaskClosable|NSWindowStyleMaskResizable,
        NSBackingStoreBuffered,
        false);

    msg(window, sel("makeKeyAndOrderFront:"), nil);
    msg(app, sel("activateIgnoringOtherApps:"), true);
    msg(app, sel("run"));
}
```

Note: when compiling the C/Objc sample code you need to pass `-framework Cocoa` on the command line to clang.

## Context

This only applies to compiling on macOS.

	Odin: dev-2022-06:fb49841b
	OS:   macOS 12.0.4 Monterey
	CPU:  Intel(R) Core(TM) i5-5287U CPU @ 2.90GHz
	RAM:  8192 MiB

## Expected Behavior

Should open a window.

## Current Behavior

Window does not open.

## Failure Information (for bugs)

My suspicion is that parameters to `objc_msgSend` are not being passed in the right way, but I really have no idea how to debug this.

One thing I tried to do is run the C version and the Odin version through a debugger (lldb) and checking the registers right at the moment when `objc_msgSend` for `initWithContentRect` is being called. I noticed the location of the parameters in the registers is different.

The thing to notice are which registers these two values are being placed.

    styleMask:NSWindowStyleMaskTitled|NSWindowStyleMaskClosable|NSWindowStyleMaskResizable
        0x000000000000000b

    backing:NSBackingStoreBuffered
        0x0000000000000002

Here's the register read for the C version.

styleMask is in rdx
backing is in rcx

```
(lldb) reg read
General Purpose Registers:
       rax = 0x4079000000000000
       rbx = 0x00000001000c8060
       rcx = 0x0000000000000002
       rdx = 0x000000000000000b
       rdi = 0x0000000100306680
       rsi = 0x00007ff81cb4b359  
       rbp = 0x00007ff7bfeff620
       rsp = 0x00007ff7bfeff580
        r8 = 0x0000000000000000
        r9 = 0x407f400000000000
       r10 = 0x034819290379bc0b
       r11 = 0x4eeae50e8092285e
       r12 = 0x00000001000903a0  dyld`_NSConcreteStackBlock
       r13 = 0x00007ff7bfeff6d8
       r14 = 0x0000000100003d20  c_cocoa_test.exe`main at cocoa_test.c:39
       r15 = 0x000000010007c010  dyld`dyld4::sConfigBuffer
       rip = 0x0000000100003e26  c_cocoa_test.exe`main + 262 at cocoa_test.c:47:17
    rflags = 0x0000000000000246
        cs = 0x000000000000002b
        fs = 0x0000000000000000
        gs = 0x0000000000000000
```

Here's the odin version:

styleMask is in rcx
backing is in r8

Very different from C.

```
(lldb) reg read
General Purpose Registers:
       rax = 0x00007ff7bfeff400
       rbx = 0x00000001000d0000
       rcx = 0x000000000000000b
       rdx = 0x00007ff7bfeff488
       rdi = 0x000000010020bfd0
       rsi = 0x00007ff81cb4b359  
       rbp = 0x00007ff7bfeff700
       rsp = 0x00007ff7bfeff460
        r8 = 0x0000000000000002
        r9 = 0x0000000000000000
       r10 = 0x00000000ffff8000
       r11 = 0x00000001002098a0
       r12 = 0x0000000100098300  dyld`dyld_all_image_infos + 320
       r13 = 0x00007ff7bfeff700
       r14 = 0x0000000100009600  native-app`runtime.default_temp_allocator_proc + 752 at default_temporary_allocator.odin
       r15 = 0x0000000100084000  (void *)0x0000000100018000
       rip = 0x0000000100007ebe  native-app`objc_Foundation.Window_initWithContentRect + 158 at NSWindow.odin:106:2
    rflags = 0x0000000000000246
        cs = 0x000000000000002b
        fs = 0x0000000000000000
        gs = 0x0000000000000000

```

I also tried the same thing for the objc version, and it seems to match the C version:

```
(lldb) reg read
General Purpose Registers:
       rax = 0x4079000000000000
       rbx = 0x00000001000c8060
       rcx = 0x0000000000000002
       rdx = 0x000000000000000b
       rdi = 0x0000000100304260
       rsi = 0x00007ff81cb4b359  
       rbp = 0x00007ff7bfeff620
       rsp = 0x00007ff7bfeff5a0
        r8 = 0x0000000000000000
        r9 = 0x407f400000000000
       r10 = 0x00000000ff000000
       r11 = 0x0000000000000000
       r12 = 0x00000001000903a0  dyld`_NSConcreteStackBlock
       r13 = 0x00007ff7bfeff6d8
       r14 = 0x0000000100003d70  objc_cocoa_test.exe`main at cocoa_test.m:3
       r15 = 0x000000010007c010  dyld`dyld4::sConfigBuffer
       rip = 0x0000000100003e5f  objc_cocoa_test.exe`main + 239 at cocoa_test.m:7:22
    rflags = 0x0000000000000246
        cs = 0x000000000000002b
        fs = 0x0000000000000000
        gs = 0x0000000000000000

```

**Comment by powerc9000** [comment]
Interestingly it doesn't matter what values you change in the `initWithContentRect` call. It's always the same errors. So it really does seem like a case of Odin getting the ABI wrong.

**Comment by hasenj** [comment]
According to some random sources on the internet, the first six parameters go into registers in the following order:

> rdi, rsi, rdx, rcx, r8, r9

In the C version, the parameters that go into (rdx, rcx) are in odin set in (rcx, r8)

So it seems like odin is pushing an additional parameter before these parameters.

In other words, it seems like odin is pushing the contentRect pointer before the style and the rest of the parameters, But the C version pushes the style and and the rest of the parameters before the rect.

To test this hypothesis, I modified the odin implementation for `initWithContentRect` so that the rect is not pushed to the parameters list at all. Instead, a separate call to set the size is made:

```@(objc_type=Window, objc_name="initWithContentRect")
Window_initWithContentRect :: proc (self: ^Window, contentRect: Rect, styleMask: WindowStyleMask, backing: BackingStoreType, doDefer: bool) -> ^Window {
	self := self
	self = msgSend(^Window, self, "initWithContentRect:styleMask:backing:defer:", styleMask, backing, doDefer)
	msgSend(nil, self, "setContentSize:", contentRect.size)
	return self
}
```

At least, no warning messages are printed to the screen, and the window appears with the correct size!

Note: this requires changing the definition or Rect to:

```odin
Rect :: struct {
	x, y: f64,
	using size: Size,
}
```

**Comment by gingerBill** [comment]
@hasenj That's not a bad fix for the time being until the actual thing is fixed

**Comment by hasenj** [comment]
FWIW, my flawed analysis of the assembly from the C version leads me to believe that C treats the struct as one large blob that is neither an int nor a float, so it pushes it on the stack.

The odin version tries to deal with the struct as 4 floats so it puts them on the xmm{0-3} registers, which the C version does not do.

The weird thing the odin version does is regarding the `rdx` register.

For some mysterious reason, it seems to be setting in it the address of the last field of the rect:

```
    0x1000078ae <+174>: leaq   0x30(%rsp), %rdx
->  0x1000078b3 <+179>: callq  0x10000b044               ; symbol stub for: objc_msgSend
    0x1000078b8 <+184>: movq   %rax, 0x50(%rsp)
    0x1000078bd <+189>: movq   0x50(%rsp), %rax
    0x1000078c2 <+194>: addq   $0x78, %rsp
    0x1000078c6 <+198>: retq   
(lldb) po/x $rdx
0x00007ff7bfeff410

(lldb) po/x &contentRect.size.height
0x00007ff7bfeff410

(lldb) po (long)&contentRect - (long)$rsp
24
```

The offset of contentRect from the stack pointer is 24, but the offset from stackpointer being set to rtx is 48.

**Comment by hasenj** [comment]
> @hasenj That's not a bad fix for the time being until the actual thing is fixed

Alright, I've put it into a pull request.

**Comment by hasenj** [comment]
Recent Odin versions seem to have this issue resolved. I'm not sure since when it was fixed, but the sample code now works. The only change required is the rect literal needs the nesting:

```{100, 100, 500, 400},```

Needs to change to:

```{{100, 100}, {500, 400}},```

**Comment by Lperlind** [comment]
I still run into this issue on latest.
Running on an m1.
